<?xml version="1.0" encoding="UTF-8"?>
<testsuite name="miscell.TicTacToeSpec" tests="1" skipped="0" failures="0" errors="0" timestamp="2018-09-17T15:16:24" hostname="PRFT-12723" time="0.005">
  <properties/>
  <testcase name="when_x_outside_board_then_runTimeException" classname="miscell.TicTacToeSpec" time="0.005"/>
  <system-out><![CDATA[]]></system-out>
  <system-err><![CDATA[]]></system-err>
</testsuite>
